  [1m[35m (10.4ms)[0m  [1m[35mCREATE TABLE "schema_migrations" ("version" varchar NOT NULL PRIMARY KEY) /*application='TestApi'*/[0m
  [1m[35m (1.2ms)[0m  [1m[35mCREATE TABLE "ar_internal_metadata" ("key" varchar NOT NULL PRIMARY KEY, "value" varchar, "created_at" datetime(6) NOT NULL, "updated_at" datetime(6) NOT NULL) /*application='TestApi'*/[0m
  [1m[36mActiveRecord::InternalMetadata Load (1.3ms)[0m  [1m[34mSELECT * FROM "ar_internal_metadata" WHERE "ar_internal_metadata"."key" = 'environment' ORDER BY "ar_internal_metadata"."key" ASC LIMIT 1 /*application='TestApi'*/[0m
  [1m[36mActiveRecord::InternalMetadata Create (2.2ms)[0m  [1m[32mINSERT INTO "ar_internal_metadata" ("key", "value", "created_at", "updated_at") VALUES ('environment', 'development', '2025-07-31 13:19:11.802755', '2025-07-31 13:19:11.802760') RETURNING "key" /*application='TestApi'*/[0m
  [1m[36mActiveRecord::SchemaMigration Load (1.8ms)[0m  [1m[34mSELECT "schema_migrations"."version" FROM "schema_migrations" ORDER BY "schema_migrations"."version" ASC /*application='TestApi'*/[0m
Migrating to CreateUsers (20250731131707)
  [1m[36mTRANSACTION (1.5ms)[0m  [1m[35mBEGIN immediate TRANSACTION /*application='TestApi'*/[0m
  [1m[35m (3.8ms)[0m  [1m[35mCREATE TABLE "users" ("id" varchar NOT NULL PRIMARY KEY, "name" varchar NOT NULL, "email" varchar NOT NULL, "password_digest" varchar NOT NULL, "phone" varchar, "role" varchar DEFAULT 'user' NOT NULL, "avatar" varchar, "reset_password_token" varchar, "reset_password_sent_at" datetime(6), "created_at" datetime(6) NOT NULL, "updated_at" datetime(6) NOT NULL) /*application='TestApi'*/[0m
  [1m[35m (0.6ms)[0m  [1m[35mCREATE UNIQUE INDEX "index_users_on_email" ON "users" ("email") /*application='TestApi'*/[0m
  [1m[35m (0.2ms)[0m  [1m[35mCREATE UNIQUE INDEX "index_users_on_reset_password_token" ON "users" ("reset_password_token") /*application='TestApi'*/[0m
  [1m[36mActiveRecord::SchemaMigration Create (0.3ms)[0m  [1m[32mINSERT INTO "schema_migrations" ("version") VALUES ('20250731131707') RETURNING "version" /*application='TestApi'*/[0m
  [1m[36mTRANSACTION (2.6ms)[0m  [1m[35mCOMMIT TRANSACTION /*application='TestApi'*/[0m
  [1m[36mActiveRecord::SchemaMigration Load (0.3ms)[0m  [1m[34mSELECT "schema_migrations"."version" FROM "schema_migrations" ORDER BY "schema_migrations"."version" ASC /*application='TestApi'*/[0m
  [1m[36mActiveRecord::SchemaMigration Load (2.0ms)[0m  [1m[34mSELECT "schema_migrations"."version" FROM "schema_migrations" ORDER BY "schema_migrations"."version" ASC /*application='TestApi'*/[0m
  [1m[36mUser Load (1.9ms)[0m  [1m[34mSELECT "users".* FROM "users" WHERE "users"."email" = 'admin@barberia.com' LIMIT 1 /*application='TestApi'*/[0m
  [1m[36mTRANSACTION (0.9ms)[0m  [1m[35mBEGIN immediate TRANSACTION /*application='TestApi'*/[0m
  [1m[36mUser Exists? (0.1ms)[0m  [1m[34mSELECT 1 AS one FROM "users" WHERE "users"."email" = 'admin@barberia.com' LIMIT 1 /*application='TestApi'*/[0m
  [1m[36mUser Create (0.2ms)[0m  [1m[32mINSERT INTO "users" ("id", "name", "email", "password_digest", "phone", "role", "avatar", "reset_password_token", "reset_password_sent_at", "created_at", "updated_at") VALUES ('c7868259-d3c5-4865-b62d-f59cf20db459', 'Juan Pérez', 'admin@barberia.com', '$2a$12$eI8mUb.Z0/VlojcPo04r4.iisTegMYJCxP15Jb6GJmDFGFB.8QDkq', '+1234567890', 'admin', NULL, NULL, NULL, '2025-07-31 13:26:10.110421', '2025-07-31 13:26:10.110421') RETURNING "id" /*application='TestApi'*/[0m
  [1m[36mTRANSACTION (15.3ms)[0m  [1m[35mCOMMIT TRANSACTION /*application='TestApi'*/[0m
  [1m[36mUser Load (2.6ms)[0m  [1m[34mSELECT "users".* FROM "users" WHERE "users"."email" = 'maria@barberia.com' LIMIT 1 /*application='TestApi'*/[0m
  [1m[36mTRANSACTION (0.7ms)[0m  [1m[35mBEGIN immediate TRANSACTION /*application='TestApi'*/[0m
  [1m[36mUser Exists? (3.1ms)[0m  [1m[34mSELECT 1 AS one FROM "users" WHERE "users"."email" = 'maria@barberia.com' LIMIT 1 /*application='TestApi'*/[0m
  [1m[36mUser Create (0.3ms)[0m  [1m[32mINSERT INTO "users" ("id", "name", "email", "password_digest", "phone", "role", "avatar", "reset_password_token", "reset_password_sent_at", "created_at", "updated_at") VALUES ('1266bba7-4190-4362-ac53-a2838d876771', 'María García', 'maria@barberia.com', '$2a$12$If0ubV81GNufly0.vQQWqezww7uX4aelF15f55vHJsUkJSDImaeuC', '+0987654321', 'user', NULL, NULL, NULL, '2025-07-31 13:26:10.328230', '2025-07-31 13:26:10.328230') RETURNING "id" /*application='TestApi'*/[0m
  [1m[36mTRANSACTION (2.5ms)[0m  [1m[35mCOMMIT TRANSACTION /*application='TestApi'*/[0m
Started GET "/?ide_webview_request_time=1753968398530" for 172.25.192.1 at 2025-07-31 08:26:40 -0500
  [1m[36mActiveRecord::SchemaMigration Load (2.1ms)[0m  [1m[34mSELECT "schema_migrations"."version" FROM "schema_migrations" ORDER BY "schema_migrations"."version" ASC /*application='TestApi'*/[0m
Processing by Rails::WelcomeController#index as HTML
  Parameters: {"ide_webview_request_time"=>"1753968398530"}
  Rendering /var/lib/gems/3.2.0/gems/railties-8.0.2/lib/rails/templates/rails/welcome/index.html.erb
  Rendered /var/lib/gems/3.2.0/gems/railties-8.0.2/lib/rails/templates/rails/welcome/index.html.erb (Duration: 2.2ms | GC: 0.0ms)
Completed 200 OK in 346ms (Views: 69.7ms | ActiveRecord: 0.0ms (0 queries, 0 cached) | GC: 0.0ms)


Started GET "/@vite/client" for 172.25.192.1 at 2025-07-31 08:26:42 -0500
  
ActionController::RoutingError (No route matches [GET] "/@vite/client"):
  
Started GET "/?ide_webview_request_time=1753968398530" for 172.25.192.1 at 2025-07-31 08:32:41 -0500
  [1m[36mActiveRecord::SchemaMigration Load (1.6ms)[0m  [1m[34mSELECT "schema_migrations"."version" FROM "schema_migrations" ORDER BY "schema_migrations"."version" ASC /*application='TestApi'*/[0m
Processing by Rails::WelcomeController#index as HTML
  Parameters: {"ide_webview_request_time"=>"1753968398530"}
  Rendering /var/lib/gems/3.2.0/gems/railties-8.0.2/lib/rails/templates/rails/welcome/index.html.erb
  Rendered /var/lib/gems/3.2.0/gems/railties-8.0.2/lib/rails/templates/rails/welcome/index.html.erb (Duration: 1.4ms | GC: 0.0ms)
Completed 200 OK in 83ms (Views: 20.6ms | ActiveRecord: 0.0ms (0 queries, 0 cached) | GC: 0.6ms)


Started GET "/@vite/client" for 172.25.192.1 at 2025-07-31 08:32:42 -0500
  
ActionController::RoutingError (No route matches [GET] "/@vite/client"):
  
Started OPTIONS "/api/v1/auth/register" for 172.25.192.1 at 2025-07-31 08:33:19 -0500
  
ActionController::RoutingError (No route matches [OPTIONS] "/api/v1/auth/register"):
  
Started GET "/?ide_webview_request_time=1753968398530" for 172.25.192.1 at 2025-07-31 08:38:55 -0500
  [1m[36mActiveRecord::SchemaMigration Load (1.8ms)[0m  [1m[34mSELECT "schema_migrations"."version" FROM "schema_migrations" ORDER BY "schema_migrations"."version" ASC /*application='TestApi'*/[0m
Processing by Rails::WelcomeController#index as HTML
  Parameters: {"ide_webview_request_time"=>"1753968398530"}
  Rendering /var/lib/gems/3.2.0/gems/railties-8.0.2/lib/rails/templates/rails/welcome/index.html.erb
  Rendered /var/lib/gems/3.2.0/gems/railties-8.0.2/lib/rails/templates/rails/welcome/index.html.erb (Duration: 1.4ms | GC: 0.0ms)
Completed 200 OK in 76ms (Views: 15.3ms | ActiveRecord: 0.0ms (0 queries, 0 cached) | GC: 0.7ms)


Started GET "/@vite/client" for 172.25.192.1 at 2025-07-31 08:38:56 -0500
  
ActionController::RoutingError (No route matches [GET] "/@vite/client"):
  
Started POST "/api/v1/auth/register" for 172.25.192.1 at 2025-07-31 08:39:55 -0500
  
SyntaxError (/mnt/c/sources/solo/TestApi/app/controllers/api/v1/auth_controller.rb:325: syntax error, unexpected `end'):
  
app/controllers/api/v1/auth_controller.rb:325: syntax error, unexpected `end'
Started POST "/api/v1/auth/login" for 127.0.0.1 at 2025-07-31 08:42:12 -0500
Processing by Api::V1::AuthController#login as */*
  Parameters: {"email"=>"[FILTERED]", "password"=>"[FILTERED]", "auth"=>{"email"=>"[FILTERED]", "password"=>"[FILTERED]"}}
[31mUnpermitted parameter: :auth. Context: { controller: Api::V1::AuthController, action: login, request: #<ActionDispatch::Request:0x00007f3c8c171d60>, params: {"email"=>"[FILTERED]", "password"=>"[FILTERED]", "controller"=>"api/v1/auth", "action"=>"login", "auth"=>{"email"=>"[FILTERED]", "password"=>"[FILTERED]"}} }[0m
Completed 500 Internal Server Error in 278ms (ActiveRecord: 0.0ms (0 queries, 0 cached) | GC: 0.0ms)


  
TypeError (superclass must be an instance of Class (given an instance of Module)):
  
app/concepts/auth/contract/login.rb:2:in `<module:Contract>'
app/concepts/auth/contract/login.rb:1:in `<main>'
app/concepts/auth/operation/login.rb:10:in `contract_build'
app/controllers/api/v1/auth_controller.rb:5:in `login'
Started GET "/?ide_webview_request_time=1753969638448" for 172.25.192.1 at 2025-07-31 08:47:20 -0500
  [1m[36mActiveRecord::SchemaMigration Load (1.8ms)[0m  [1m[34mSELECT "schema_migrations"."version" FROM "schema_migrations" ORDER BY "schema_migrations"."version" ASC /*application='TestApi'*/[0m
Processing by Rails::WelcomeController#index as HTML
  Parameters: {"ide_webview_request_time"=>"1753969638448"}
  Rendering /var/lib/gems/3.2.0/gems/railties-8.0.2/lib/rails/templates/rails/welcome/index.html.erb
  Rendered /var/lib/gems/3.2.0/gems/railties-8.0.2/lib/rails/templates/rails/welcome/index.html.erb (Duration: 1.2ms | GC: 0.0ms)
Completed 200 OK in 77ms (Views: 18.2ms | ActiveRecord: 0.0ms (0 queries, 0 cached) | GC: 0.3ms)


Started GET "/@vite/client" for 172.25.192.1 at 2025-07-31 08:47:20 -0500
  
ActionController::RoutingError (No route matches [GET] "/@vite/client"):
  
Started POST "/api/v1/auth/register" for 172.25.192.1 at 2025-07-31 08:47:34 -0500
Processing by Api::V1::AuthController#register as HTML
  Parameters: {"name"=>"test", "email"=>"[FILTERED]", "password"=>"[FILTERED]", "confirmPassword"=>"[FILTERED]", "phone"=>"+573150450505", "role"=>"admin", "auth"=>{"name"=>"test", "email"=>"[FILTERED]", "password"=>"[FILTERED]", "confirmPassword"=>"[FILTERED]", "phone"=>"+573150450505", "role"=>"admin"}}
[31mUnpermitted parameters: :confirmPassword, :auth. Context: { controller: Api::V1::AuthController, action: register, request: #<ActionDispatch::Request:0x00007fddb04ed168>, params: {"name"=>"test", "email"=>"[FILTERED]", "password"=>"[FILTERED]", "confirmPassword"=>"[FILTERED]", "phone"=>"+573150450505", "role"=>"admin", "controller"=>"api/v1/auth", "action"=>"register", "auth"=>{"name"=>"test", "email"=>"[FILTERED]", "password"=>"[FILTERED]", "confirmPassword"=>"[FILTERED]", "phone"=>"+573150450505", "role"=>"admin"}} }[0m
Completed 500 Internal Server Error in 156ms (ActiveRecord: 0.0ms (0 queries, 0 cached) | GC: 19.0ms)


  
TypeError (superclass must be an instance of Class (given an instance of Module)):
  
app/concepts/auth/contract/register.rb:2:in `<module:Contract>'
app/concepts/auth/contract/register.rb:1:in `<main>'
app/concepts/auth/operation/register.rb:10:in `contract_build'
app/controllers/api/v1/auth_controller.rb:29:in `register'
Started POST "/api/v1/auth/register" for 172.25.192.1 at 2025-07-31 08:49:54 -0500
  [1m[36mActiveRecord::SchemaMigration Load (2.0ms)[0m  [1m[34mSELECT "schema_migrations"."version" FROM "schema_migrations" ORDER BY "schema_migrations"."version" ASC /*application='TestApi'*/[0m
Processing by Api::V1::AuthController#register as HTML
  Parameters: {"name"=>"test", "email"=>"[FILTERED]", "password"=>"[FILTERED]", "confirmPassword"=>"[FILTERED]", "phone"=>"+573150450505", "role"=>"admin", "auth"=>{"name"=>"test", "email"=>"[FILTERED]", "password"=>"[FILTERED]", "confirmPassword"=>"[FILTERED]", "phone"=>"+573150450505", "role"=>"admin"}}
[31mUnpermitted parameters: :confirmPassword, :auth. Context: { controller: Api::V1::AuthController, action: register, request: #<ActionDispatch::Request:0x00007fc727a3ee40>, params: {"name"=>"test", "email"=>"[FILTERED]", "password"=>"[FILTERED]", "confirmPassword"=>"[FILTERED]", "phone"=>"+573150450505", "role"=>"admin", "controller"=>"api/v1/auth", "action"=>"register", "auth"=>{"name"=>"test", "email"=>"[FILTERED]", "password"=>"[FILTERED]", "confirmPassword"=>"[FILTERED]", "phone"=>"+573150450505", "role"=>"admin"}} }[0m
Completed 500 Internal Server Error in 172ms (ActiveRecord: 0.0ms (0 queries, 0 cached) | GC: 1.2ms)


  
LoadError (cannot load such file -- reform/form/validation/unique_validator):
  
app/concepts/auth/contract/register.rb:2:in `<main>'
app/concepts/auth/operation/register.rb:10:in `contract_build'
app/controllers/api/v1/auth_controller.rb:29:in `register'
Started POST "/api/v1/auth/register" for 127.0.0.1 at 2025-07-31 08:50:18 -0500
Processing by Api::V1::AuthController#register as */*
  Parameters: {"name"=>"test", "email"=>"[FILTERED]", "password"=>"[FILTERED]", "confirm_password"=>"[FILTERED]", "phone"=>"+573150450505", "role"=>"admin", "auth"=>{"name"=>"test", "email"=>"[FILTERED]", "password"=>"[FILTERED]", "confirm_password"=>"[FILTERED]", "phone"=>"+573150450505", "role"=>"admin"}}
[31mUnpermitted parameter: :auth. Context: { controller: Api::V1::AuthController, action: register, request: #<ActionDispatch::Request:0x00007fc72555a7a0>, params: {"name"=>"test", "email"=>"[FILTERED]", "password"=>"[FILTERED]", "confirm_password"=>"[FILTERED]", "phone"=>"+573150450505", "role"=>"admin", "controller"=>"api/v1/auth", "action"=>"register", "auth"=>{"name"=>"test", "email"=>"[FILTERED]", "password"=>"[FILTERED]", "confirm_password"=>"[FILTERED]", "phone"=>"+573150450505", "role"=>"admin"}} }[0m
Completed 500 Internal Server Error in 78ms (ActiveRecord: 0.0ms (0 queries, 0 cached) | GC: 4.9ms)


  
NoMethodError (undefined method `validates' for Auth::Contract::Register:Class):
  
app/concepts/auth/contract/register.rb:12:in `<class:Register>'
app/concepts/auth/contract/register.rb:4:in `<module:Contract>'
app/concepts/auth/contract/register.rb:3:in `<main>'
app/concepts/auth/operation/register.rb:10:in `contract_build'
app/controllers/api/v1/auth_controller.rb:29:in `register'
Started POST "/api/v1/auth/register" for 127.0.0.1 at 2025-07-31 08:52:22 -0500
Processing by Api::V1::AuthController#register as */*
  Parameters: {"name"=>"test", "email"=>"[FILTERED]", "password"=>"[FILTERED]", "confirm_password"=>"[FILTERED]", "phone"=>"+573150450505", "role"=>"admin", "auth"=>{"name"=>"test", "email"=>"[FILTERED]", "password"=>"[FILTERED]", "confirm_password"=>"[FILTERED]", "phone"=>"+573150450505", "role"=>"admin"}}
[31mUnpermitted parameter: :auth. Context: { controller: Api::V1::AuthController, action: register, request: #<ActionDispatch::Request:0x00007fc725450b48>, params: {"name"=>"test", "email"=>"[FILTERED]", "password"=>"[FILTERED]", "confirm_password"=>"[FILTERED]", "phone"=>"+573150450505", "role"=>"admin", "controller"=>"api/v1/auth", "action"=>"register", "auth"=>{"name"=>"test", "email"=>"[FILTERED]", "password"=>"[FILTERED]", "confirm_password"=>"[FILTERED]", "phone"=>"+573150450505", "role"=>"admin"}} }[0m
Completed 500 Internal Server Error in 80ms (ActiveRecord: 0.0ms (0 queries, 0 cached) | GC: 0.0ms)


  
LoadError (cannot load such file -- reform/form/validation):
  
app/concepts/auth/contract/register.rb:2:in `<main>'
app/concepts/auth/operation/register.rb:10:in `contract_build'
app/controllers/api/v1/auth_controller.rb:29:in `register'
Started POST "/api/v1/auth/register" for 127.0.0.1 at 2025-07-31 08:53:26 -0500
Processing by Api::V1::AuthController#register as */*
  Parameters: {"name"=>"test", "email"=>"[FILTERED]", "password"=>"[FILTERED]", "confirm_password"=>"[FILTERED]", "phone"=>"+573150450505", "role"=>"admin", "auth"=>{"name"=>"test", "email"=>"[FILTERED]", "password"=>"[FILTERED]", "confirm_password"=>"[FILTERED]", "phone"=>"+573150450505", "role"=>"admin"}}
[31mUnpermitted parameter: :auth. Context: { controller: Api::V1::AuthController, action: register, request: #<ActionDispatch::Request:0x00007fc725474ed0>, params: {"name"=>"test", "email"=>"[FILTERED]", "password"=>"[FILTERED]", "confirm_password"=>"[FILTERED]", "phone"=>"+573150450505", "role"=>"admin", "controller"=>"api/v1/auth", "action"=>"register", "auth"=>{"name"=>"test", "email"=>"[FILTERED]", "password"=>"[FILTERED]", "confirm_password"=>"[FILTERED]", "phone"=>"+573150450505", "role"=>"admin"}} }[0m
  [1m[36mUser Exists? (3.4ms)[0m  [1m[34mSELECT 1 AS one FROM "users" WHERE "users"."email" = 'test@example.com' LIMIT 1 /*action='register',application='TestApi',controller='auth'*/[0m
  ↳ app/concepts/auth/operation/register.rb:21:in `check_email_uniqueness'
  [1m[36mCACHE User Exists? (0.0ms)[0m  [1m[34mSELECT 1 AS one FROM "users" WHERE "users"."email" = 'test@example.com' LIMIT 1[0m
  ↳ app/concepts/auth/operation/register.rb:33:in `create_user'
  [1m[36mTRANSACTION (1.5ms)[0m  [1m[35mBEGIN immediate TRANSACTION /*action='register',application='TestApi',controller='auth'*/[0m
  ↳ app/concepts/auth/operation/register.rb:33:in `create_user'
  [1m[36mUser Create (6.2ms)[0m  [1m[32mINSERT INTO "users" ("id", "name", "email", "password_digest", "phone", "role", "avatar", "reset_password_token", "reset_password_sent_at", "created_at", "updated_at") VALUES ('a78b4aef-61e6-4fd8-8a3a-9e2dfc36d8d6', 'test', 'test@example.com', '$2a$12$6etjfArx81tLFvwEurNA/O1kTBpp3wSpwbJPnU61a.NMQhSXhWllC', '+573150450505', 'admin', NULL, NULL, NULL, '2025-07-31 13:53:27.627838', '2025-07-31 13:53:27.627838') RETURNING "id" /*action='register',application='TestApi',controller='auth'*/[0m
  ↳ app/concepts/auth/operation/register.rb:33:in `create_user'
  [1m[36mTRANSACTION (12.3ms)[0m  [1m[35mCOMMIT TRANSACTION /*action='register',application='TestApi',controller='auth'*/[0m
  ↳ app/concepts/auth/operation/register.rb:33:in `create_user'
Completed 500 Internal Server Error in 444ms (ActiveRecord: 71.5ms (3 queries, 1 cached) | GC: 8.3ms)


  
NoMethodError (undefined method `generate_tokens' for JwtService:Module):
  
app/concepts/auth/operation/register.rb:43:in `generate_tokens'
app/controllers/api/v1/auth_controller.rb:29:in `register'
Started POST "/api/v1/auth/register" for 127.0.0.1 at 2025-07-31 08:54:52 -0500
Processing by Api::V1::AuthController#register as */*
  Parameters: {"name"=>"test2", "email"=>"[FILTERED]", "password"=>"[FILTERED]", "confirm_password"=>"[FILTERED]", "phone"=>"+573150450505", "role"=>"admin", "auth"=>{"name"=>"test2", "email"=>"[FILTERED]", "password"=>"[FILTERED]", "confirm_password"=>"[FILTERED]", "phone"=>"+573150450505", "role"=>"admin"}}
[31mUnpermitted parameter: :auth. Context: { controller: Api::V1::AuthController, action: register, request: #<ActionDispatch::Request:0x00007fc72501c9f0>, params: {"name"=>"test2", "email"=>"[FILTERED]", "password"=>"[FILTERED]", "confirm_password"=>"[FILTERED]", "phone"=>"+573150450505", "role"=>"admin", "controller"=>"api/v1/auth", "action"=>"register", "auth"=>{"name"=>"test2", "email"=>"[FILTERED]", "password"=>"[FILTERED]", "confirm_password"=>"[FILTERED]", "phone"=>"+573150450505", "role"=>"admin"}} }[0m
  [1m[36mUser Exists? (2.3ms)[0m  [1m[34mSELECT 1 AS one FROM "users" WHERE "users"."email" = 'test2@example.com' LIMIT 1 /*action='register',application='TestApi',controller='auth'*/[0m
  ↳ app/concepts/auth/operation/register.rb:21:in `check_email_uniqueness'
  [1m[36mCACHE User Exists? (0.0ms)[0m  [1m[34mSELECT 1 AS one FROM "users" WHERE "users"."email" = 'test2@example.com' LIMIT 1[0m
  ↳ app/concepts/auth/operation/register.rb:33:in `create_user'
  [1m[36mTRANSACTION (0.7ms)[0m  [1m[35mBEGIN immediate TRANSACTION /*action='register',application='TestApi',controller='auth'*/[0m
  ↳ app/concepts/auth/operation/register.rb:33:in `create_user'
  [1m[36mUser Create (4.1ms)[0m  [1m[32mINSERT INTO "users" ("id", "name", "email", "password_digest", "phone", "role", "avatar", "reset_password_token", "reset_password_sent_at", "created_at", "updated_at") VALUES ('f7751d5b-0021-4be4-b0f3-44a2cee55815', 'test2', 'test2@example.com', '$2a$12$FCDyEVcvM13iGqeB4FaVnuO/OdvM1iKbvnCCJ9cS816Kis3dAVpfW', '+573150450505', 'admin', NULL, NULL, NULL, '2025-07-31 13:54:53.378709', '2025-07-31 13:54:53.378709') RETURNING "id" /*action='register',application='TestApi',controller='auth'*/[0m
  ↳ app/concepts/auth/operation/register.rb:33:in `create_user'
  [1m[36mTRANSACTION (10.5ms)[0m  [1m[35mCOMMIT TRANSACTION /*action='register',application='TestApi',controller='auth'*/[0m
  ↳ app/concepts/auth/operation/register.rb:33:in `create_user'
Completed 500 Internal Server Error in 439ms (ActiveRecord: 44.9ms (3 queries, 1 cached) | GC: 0.8ms)


  
Gem::LoadError (multi_json is not part of the bundle. Add it to your Gemfile.):
  
app/concepts/auth/representer/user.rb:3:in `<class:User>'
app/concepts/auth/representer/user.rb:2:in `<module:Representer>'
app/concepts/auth/representer/user.rb:1:in `<main>'
app/controllers/api/v1/auth_controller.rb:32:in `register'
Started POST "/api/v1/auth/register" for 127.0.0.1 at 2025-07-31 08:58:44 -0500
  [1m[36mActiveRecord::SchemaMigration Load (2.5ms)[0m  [1m[34mSELECT "schema_migrations"."version" FROM "schema_migrations" ORDER BY "schema_migrations"."version" ASC /*application='TestApi'*/[0m
Processing by Api::V1::AuthController#register as */*
  Parameters: {"name"=>"test3", "email"=>"[FILTERED]", "password"=>"[FILTERED]", "confirm_password"=>"[FILTERED]", "phone"=>"+573150450505", "role"=>"admin", "auth"=>{"name"=>"test3", "email"=>"[FILTERED]", "password"=>"[FILTERED]", "confirm_password"=>"[FILTERED]", "phone"=>"+573150450505", "role"=>"admin"}}
[31mUnpermitted parameter: :auth. Context: { controller: Api::V1::AuthController, action: register, request: #<ActionDispatch::Request:0x00007fcf59073660>, params: {"name"=>"test3", "email"=>"[FILTERED]", "password"=>"[FILTERED]", "confirm_password"=>"[FILTERED]", "phone"=>"+573150450505", "role"=>"admin", "controller"=>"api/v1/auth", "action"=>"register", "auth"=>{"name"=>"test3", "email"=>"[FILTERED]", "password"=>"[FILTERED]", "confirm_password"=>"[FILTERED]", "phone"=>"+573150450505", "role"=>"admin"}} }[0m
  [1m[36mUser Exists? (2.4ms)[0m  [1m[34mSELECT 1 AS one FROM "users" WHERE "users"."email" = 'test3@example.com' LIMIT 1 /*action='register',application='TestApi',controller='auth'*/[0m
  ↳ app/concepts/auth/operation/register.rb:21:in `check_email_uniqueness'
  [1m[36mCACHE User Exists? (0.0ms)[0m  [1m[34mSELECT 1 AS one FROM "users" WHERE "users"."email" = 'test3@example.com' LIMIT 1[0m
  ↳ app/concepts/auth/operation/register.rb:33:in `create_user'
  [1m[36mTRANSACTION (0.5ms)[0m  [1m[35mBEGIN immediate TRANSACTION /*action='register',application='TestApi',controller='auth'*/[0m
  ↳ app/concepts/auth/operation/register.rb:33:in `create_user'
  [1m[36mUser Create (2.1ms)[0m  [1m[32mINSERT INTO "users" ("id", "name", "email", "password_digest", "phone", "role", "avatar", "reset_password_token", "reset_password_sent_at", "created_at", "updated_at") VALUES ('b8957ae2-7279-465b-8557-b44c2d5e08ac', 'test3', 'test3@example.com', '$2a$12$CNugVl9vmRuw1CkQlBcSae8otGokpxWoOoQDz6zHppNtKRvVJj8WK', '+573150450505', 'admin', NULL, NULL, NULL, '2025-07-31 13:58:45.523675', '2025-07-31 13:58:45.523675') RETURNING "id" /*action='register',application='TestApi',controller='auth'*/[0m
  ↳ app/concepts/auth/operation/register.rb:33:in `create_user'
  [1m[36mTRANSACTION (11.7ms)[0m  [1m[35mCOMMIT TRANSACTION /*action='register',application='TestApi',controller='auth'*/[0m
  ↳ app/concepts/auth/operation/register.rb:33:in `create_user'
Completed 201 Created in 529ms (Views: 0.3ms | ActiveRecord: 92.2ms (3 queries, 1 cached) | GC: 52.5ms)


Started POST "/api/v1/auth/login" for 127.0.0.1 at 2025-07-31 08:58:55 -0500
Processing by Api::V1::AuthController#login as */*
  Parameters: {"email"=>"[FILTERED]", "password"=>"[FILTERED]", "auth"=>{"email"=>"[FILTERED]", "password"=>"[FILTERED]"}}
[31mUnpermitted parameter: :auth. Context: { controller: Api::V1::AuthController, action: login, request: #<ActionDispatch::Request:0x00007fcf56ba2a98>, params: {"email"=>"[FILTERED]", "password"=>"[FILTERED]", "controller"=>"api/v1/auth", "action"=>"login", "auth"=>{"email"=>"[FILTERED]", "password"=>"[FILTERED]"}} }[0m
Completed 500 Internal Server Error in 66ms (ActiveRecord: 0.0ms (0 queries, 0 cached) | GC: 0.8ms)


  
LoadError (cannot load such file -- reform/form/validation):
  
app/concepts/auth/contract/login.rb:2:in `<main>'
app/concepts/auth/operation/login.rb:10:in `contract_build'
app/controllers/api/v1/auth_controller.rb:5:in `login'
Started POST "/api/v1/auth/login" for 127.0.0.1 at 2025-07-31 08:59:36 -0500
Processing by Api::V1::AuthController#login as */*
  Parameters: {"email"=>"[FILTERED]", "password"=>"[FILTERED]", "auth"=>{"email"=>"[FILTERED]", "password"=>"[FILTERED]"}}
[31mUnpermitted parameter: :auth. Context: { controller: Api::V1::AuthController, action: login, request: #<ActionDispatch::Request:0x00007fcf56a553c0>, params: {"email"=>"[FILTERED]", "password"=>"[FILTERED]", "controller"=>"api/v1/auth", "action"=>"login", "auth"=>{"email"=>"[FILTERED]", "password"=>"[FILTERED]"}} }[0m
  [1m[36mUser Load (1.9ms)[0m  [1m[34mSELECT "users".* FROM "users" WHERE "users"."email" = 'test3@example.com' LIMIT 1 /*action='login',application='TestApi',controller='auth'*/[0m
  ↳ app/concepts/auth/operation/login.rb:24:in `find_user'
Completed 200 OK in 366ms (Views: 0.1ms | ActiveRecord: 26.8ms (1 query, 0 cached) | GC: 0.0ms)


Started GET "/?ide_webview_request_time=1753970420369" for 172.25.192.1 at 2025-07-31 09:00:20 -0500
Processing by Rails::WelcomeController#index as HTML
  Parameters: {"ide_webview_request_time"=>"1753970420369"}
  Rendering /var/lib/gems/3.2.0/gems/railties-8.0.2/lib/rails/templates/rails/welcome/index.html.erb
  Rendered /var/lib/gems/3.2.0/gems/railties-8.0.2/lib/rails/templates/rails/welcome/index.html.erb (Duration: 1.2ms | GC: 0.0ms)
Completed 200 OK in 75ms (Views: 17.1ms | ActiveRecord: 0.0ms (0 queries, 0 cached) | GC: 0.0ms)


Started GET "/@vite/client" for 172.25.192.1 at 2025-07-31 09:00:21 -0500
  
ActionController::RoutingError (No route matches [GET] "/@vite/client"):
  
Started POST "/api/v1/auth/register" for 172.25.192.1 at 2025-07-31 09:01:41 -0500
Processing by Api::V1::AuthController#register as HTML
  Parameters: {"name"=>"test", "email"=>"[FILTERED]", "password"=>"[FILTERED]", "confirmPassword"=>"[FILTERED]", "phone"=>"+573150450505", "role"=>"admin", "auth"=>{"name"=>"test", "email"=>"[FILTERED]", "password"=>"[FILTERED]", "confirmPassword"=>"[FILTERED]", "phone"=>"+573150450505", "role"=>"admin"}}
[31mUnpermitted parameters: :confirmPassword, :auth. Context: { controller: Api::V1::AuthController, action: register, request: #<ActionDispatch::Request:0x00007fcf56b42da0>, params: {"name"=>"test", "email"=>"[FILTERED]", "password"=>"[FILTERED]", "confirmPassword"=>"[FILTERED]", "phone"=>"+573150450505", "role"=>"admin", "controller"=>"api/v1/auth", "action"=>"register", "auth"=>{"name"=>"test", "email"=>"[FILTERED]", "password"=>"[FILTERED]", "confirmPassword"=>"[FILTERED]", "phone"=>"+573150450505", "role"=>"admin"}} }[0m
Completed 422 Unprocessable Content in 59ms (Views: 0.2ms | ActiveRecord: 0.0ms (0 queries, 0 cached) | GC: 0.0ms)


Started POST "/api/v1/auth/register" for 127.0.0.1 at 2025-07-31 09:02:56 -0500
Processing by Api::V1::AuthController#register as */*
  Parameters: {"name"=>"test4", "email"=>"[FILTERED]", "password"=>"[FILTERED]", "confirmPassword"=>"[FILTERED]", "phone"=>"+573150450505", "role"=>"admin", "auth"=>{"name"=>"test4", "email"=>"[FILTERED]", "password"=>"[FILTERED]", "confirmPassword"=>"[FILTERED]", "phone"=>"+573150450505", "role"=>"admin"}}
[31mUnpermitted parameter: :auth. Context: { controller: Api::V1::AuthController, action: register, request: #<ActionDispatch::Request:0x00007fcf581128b0>, params: {"name"=>"test4", "email"=>"[FILTERED]", "password"=>"[FILTERED]", "confirmPassword"=>"[FILTERED]", "phone"=>"+573150450505", "role"=>"admin", "controller"=>"api/v1/auth", "action"=>"register", "auth"=>{"name"=>"test4", "email"=>"[FILTERED]", "password"=>"[FILTERED]", "confirmPassword"=>"[FILTERED]", "phone"=>"+573150450505", "role"=>"admin"}} }[0m
  [1m[36mUser Exists? (1.7ms)[0m  [1m[34mSELECT 1 AS one FROM "users" WHERE "users"."email" = 'test4@example.com' LIMIT 1 /*action='register',application='TestApi',controller='auth'*/[0m
  ↳ app/concepts/auth/operation/register.rb:21:in `check_email_uniqueness'
Completed 500 Internal Server Error in 355ms (ActiveRecord: 29.0ms (1 query, 0 cached) | GC: 0.0ms)


  
ActiveModel::UnknownAttributeError (unknown attribute 'confirmPassword' for User.)
Caused by: NoMethodError (undefined method `confirmPassword=' for #<User id: nil, name: "test4", email: [FILTERED], password_digest: [FILTERED], phone: nil, role: "user", avatar: nil, reset_password_token: nil, reset_password_sent_at: nil, created_at: nil, updated_at: nil>)

Information for: ActiveModel::UnknownAttributeError (unknown attribute 'confirmPassword' for User.):
  
app/concepts/auth/operation/register.rb:31:in `create_user'
app/controllers/api/v1/auth_controller.rb:29:in `register'

Information for cause: NoMethodError (undefined method `confirmPassword=' for #<User id: nil, name: "test4", email: [FILTERED], password_digest: [FILTERED], phone: nil, role: "user", avatar: nil, reset_password_token: nil, reset_password_sent_at: nil, created_at: nil, updated_at: nil>):
  
app/concepts/auth/operation/register.rb:31:in `create_user'
app/controllers/api/v1/auth_controller.rb:29:in `register'
Started POST "/api/v1/auth/register" for 127.0.0.1 at 2025-07-31 09:03:35 -0500
Processing by Api::V1::AuthController#register as */*
  Parameters: {"name"=>"test5", "email"=>"[FILTERED]", "password"=>"[FILTERED]", "confirmPassword"=>"[FILTERED]", "phone"=>"+573150450505", "role"=>"admin", "auth"=>{"name"=>"test5", "email"=>"[FILTERED]", "password"=>"[FILTERED]", "confirmPassword"=>"[FILTERED]", "phone"=>"+573150450505", "role"=>"admin"}}
[31mUnpermitted parameter: :auth. Context: { controller: Api::V1::AuthController, action: register, request: #<ActionDispatch::Request:0x00007fcf56aa4ba0>, params: {"name"=>"test5", "email"=>"[FILTERED]", "password"=>"[FILTERED]", "confirmPassword"=>"[FILTERED]", "phone"=>"+573150450505", "role"=>"admin", "controller"=>"api/v1/auth", "action"=>"register", "auth"=>{"name"=>"test5", "email"=>"[FILTERED]", "password"=>"[FILTERED]", "confirmPassword"=>"[FILTERED]", "phone"=>"+573150450505", "role"=>"admin"}} }[0m
  [1m[36mUser Exists? (1.7ms)[0m  [1m[34mSELECT 1 AS one FROM "users" WHERE "users"."email" = 'test5@example.com' LIMIT 1 /*action='register',application='TestApi',controller='auth'*/[0m
  ↳ app/concepts/auth/operation/register.rb:21:in `check_email_uniqueness'
  [1m[36mCACHE User Exists? (0.0ms)[0m  [1m[34mSELECT 1 AS one FROM "users" WHERE "users"."email" = 'test5@example.com' LIMIT 1[0m
  ↳ app/concepts/auth/operation/register.rb:33:in `create_user'
  [1m[36mTRANSACTION (0.8ms)[0m  [1m[35mBEGIN immediate TRANSACTION /*action='register',application='TestApi',controller='auth'*/[0m
  ↳ app/concepts/auth/operation/register.rb:33:in `create_user'
  [1m[36mUser Create (3.0ms)[0m  [1m[32mINSERT INTO "users" ("id", "name", "email", "password_digest", "phone", "role", "avatar", "reset_password_token", "reset_password_sent_at", "created_at", "updated_at") VALUES ('b297e825-a7a8-4e56-8023-36be972cefb6', 'test5', 'test5@example.com', '$2a$12$splpsO7eL3XFr8UMIo5om.4ZuuoyCcqqcRGq8KVSLdBT8TVR1/l9.', '+573150450505', 'admin', NULL, NULL, NULL, '2025-07-31 14:03:36.012333', '2025-07-31 14:03:36.012333') RETURNING "id" /*action='register',application='TestApi',controller='auth'*/[0m
  ↳ app/concepts/auth/operation/register.rb:33:in `create_user'
  [1m[36mTRANSACTION (9.7ms)[0m  [1m[35mCOMMIT TRANSACTION /*action='register',application='TestApi',controller='auth'*/[0m
  ↳ app/concepts/auth/operation/register.rb:33:in `create_user'
Completed 201 Created in 341ms (Views: 0.2ms | ActiveRecord: 38.6ms (3 queries, 1 cached) | GC: 0.1ms)


Started POST "/api/v1/auth/register" for 127.0.0.1 at 2025-07-31 09:03:47 -0500
Processing by Api::V1::AuthController#register as */*
  Parameters: {"name"=>"test6", "email"=>"[FILTERED]", "password"=>"[FILTERED]", "confirmPassword"=>"[FILTERED]", "phone"=>"+573150450505", "role"=>"admin", "auth"=>{"name"=>"test6", "email"=>"[FILTERED]", "password"=>"[FILTERED]", "confirmPassword"=>"[FILTERED]", "phone"=>"+573150450505", "role"=>"admin"}}
[31mUnpermitted parameter: :auth. Context: { controller: Api::V1::AuthController, action: register, request: #<ActionDispatch::Request:0x00007fcf56a8b600>, params: {"name"=>"test6", "email"=>"[FILTERED]", "password"=>"[FILTERED]", "confirmPassword"=>"[FILTERED]", "phone"=>"+573150450505", "role"=>"admin", "controller"=>"api/v1/auth", "action"=>"register", "auth"=>{"name"=>"test6", "email"=>"[FILTERED]", "password"=>"[FILTERED]", "confirmPassword"=>"[FILTERED]", "phone"=>"+573150450505", "role"=>"admin"}} }[0m
  [1m[36mUser Exists? (1.9ms)[0m  [1m[34mSELECT 1 AS one FROM "users" WHERE "users"."email" = 'test6@example.com' LIMIT 1 /*action='register',application='TestApi',controller='auth'*/[0m
  ↳ app/concepts/auth/operation/register.rb:21:in `check_email_uniqueness'
  [1m[36mCACHE User Exists? (0.0ms)[0m  [1m[34mSELECT 1 AS one FROM "users" WHERE "users"."email" = 'test6@example.com' LIMIT 1[0m
  ↳ app/concepts/auth/operation/register.rb:33:in `create_user'
  [1m[36mTRANSACTION (0.5ms)[0m  [1m[35mBEGIN immediate TRANSACTION /*action='register',application='TestApi',controller='auth'*/[0m
  ↳ app/concepts/auth/operation/register.rb:33:in `create_user'
  [1m[36mUser Create (3.3ms)[0m  [1m[32mINSERT INTO "users" ("id", "name", "email", "password_digest", "phone", "role", "avatar", "reset_password_token", "reset_password_sent_at", "created_at", "updated_at") VALUES ('57fefd17-8657-4b1f-b87d-c59b09dc08f1', 'test6', 'test6@example.com', '$2a$12$HicgIKQVcXyptm/qPGXsburyl7.SyfIaP.0/eJb.H3z8na7J7jt6a', '+573150450505', 'admin', NULL, NULL, NULL, '2025-07-31 14:03:47.718286', '2025-07-31 14:03:47.718286') RETURNING "id" /*action='register',application='TestApi',controller='auth'*/[0m
  ↳ app/concepts/auth/operation/register.rb:33:in `create_user'
  [1m[36mTRANSACTION (2.8ms)[0m  [1m[35mCOMMIT TRANSACTION /*action='register',application='TestApi',controller='auth'*/[0m
  ↳ app/concepts/auth/operation/register.rb:33:in `create_user'
Completed 201 Created in 207ms (Views: 0.1ms | ActiveRecord: 8.3ms (3 queries, 1 cached) | GC: 0.1ms)


Started POST "/api/v1/auth/register" for 127.0.0.1 at 2025-07-31 09:04:18 -0500
Processing by Api::V1::AuthController#register as */*
  Parameters: {"name"=>"test7", "email"=>"[FILTERED]", "password"=>"[FILTERED]", "confirmPassword"=>"[FILTERED]", "phone"=>"+573150450505", "role"=>"admin", "auth"=>{"name"=>"test7", "email"=>"[FILTERED]", "password"=>"[FILTERED]", "confirmPassword"=>"[FILTERED]", "phone"=>"+573150450505", "role"=>"admin"}}
[31mUnpermitted parameter: :auth. Context: { controller: Api::V1::AuthController, action: register, request: #<ActionDispatch::Request:0x00007fcf56af8520>, params: {"name"=>"test7", "email"=>"[FILTERED]", "password"=>"[FILTERED]", "confirmPassword"=>"[FILTERED]", "phone"=>"+573150450505", "role"=>"admin", "controller"=>"api/v1/auth", "action"=>"register", "auth"=>{"name"=>"test7", "email"=>"[FILTERED]", "password"=>"[FILTERED]", "confirmPassword"=>"[FILTERED]", "phone"=>"+573150450505", "role"=>"admin"}} }[0m
Completed 422 Unprocessable Content in 77ms (Views: 0.2ms | ActiveRecord: 0.0ms (0 queries, 0 cached) | GC: 0.4ms)


Started POST "/api/v1/auth/register" for 127.0.0.1 at 2025-07-31 09:04:29 -0500
Processing by Api::V1::AuthController#register as */*
  Parameters: {"name"=>"test8", "email"=>"[FILTERED]", "password"=>"[FILTERED]", "confirmPassword"=>"[FILTERED]", "phone"=>"+573150450505", "role"=>"admin", "auth"=>{"name"=>"test8", "email"=>"[FILTERED]", "password"=>"[FILTERED]", "confirmPassword"=>"[FILTERED]", "phone"=>"+573150450505", "role"=>"admin"}}
[31mUnpermitted parameter: :auth. Context: { controller: Api::V1::AuthController, action: register, request: #<ActionDispatch::Request:0x00007fcf56b101e8>, params: {"name"=>"test8", "email"=>"[FILTERED]", "password"=>"[FILTERED]", "confirmPassword"=>"[FILTERED]", "phone"=>"+573150450505", "role"=>"admin", "controller"=>"api/v1/auth", "action"=>"register", "auth"=>{"name"=>"test8", "email"=>"[FILTERED]", "password"=>"[FILTERED]", "confirmPassword"=>"[FILTERED]", "phone"=>"+573150450505", "role"=>"admin"}} }[0m
  [1m[36mUser Exists? (1.3ms)[0m  [1m[34mSELECT 1 AS one FROM "users" WHERE "users"."email" = 'test8@example.com' LIMIT 1 /*action='register',application='TestApi',controller='auth'*/[0m
  ↳ app/concepts/auth/operation/register.rb:21:in `check_email_uniqueness'
  [1m[36mCACHE User Exists? (0.0ms)[0m  [1m[34mSELECT 1 AS one FROM "users" WHERE "users"."email" = 'test8@example.com' LIMIT 1[0m
  ↳ app/concepts/auth/operation/register.rb:33:in `create_user'
  [1m[36mTRANSACTION (1.0ms)[0m  [1m[35mBEGIN immediate TRANSACTION /*action='register',application='TestApi',controller='auth'*/[0m
  ↳ app/concepts/auth/operation/register.rb:33:in `create_user'
  [1m[36mUser Create (3.8ms)[0m  [1m[32mINSERT INTO "users" ("id", "name", "email", "password_digest", "phone", "role", "avatar", "reset_password_token", "reset_password_sent_at", "created_at", "updated_at") VALUES ('4a93792d-b58b-4a66-b2aa-96971929f8ed', 'test8', 'test8@example.com', '$2a$12$l8vh9Lu6vf7JdvS1Qf0q2OEOZdw0ta4cLpFTP/aQELjQyuONyfUSy', '+573150450505', 'admin', NULL, NULL, NULL, '2025-07-31 14:04:29.989000', '2025-07-31 14:04:29.989000') RETURNING "id" /*action='register',application='TestApi',controller='auth'*/[0m
  ↳ app/concepts/auth/operation/register.rb:33:in `create_user'
  [1m[36mTRANSACTION (16.9ms)[0m  [1m[35mCOMMIT TRANSACTION /*action='register',application='TestApi',controller='auth'*/[0m
  ↳ app/concepts/auth/operation/register.rb:33:in `create_user'
Completed 201 Created in 285ms (Views: 0.2ms | ActiveRecord: 48.8ms (3 queries, 1 cached) | GC: 0.0ms)


Started POST "/api/v1/auth/register" for 172.25.192.1 at 2025-07-31 09:04:51 -0500
Processing by Api::V1::AuthController#register as HTML
  Parameters: {"name"=>"test", "email"=>"[FILTERED]", "password"=>"[FILTERED]", "confirmPassword"=>"[FILTERED]", "phone"=>"+573150450505", "role"=>"admin", "auth"=>{"name"=>"test", "email"=>"[FILTERED]", "password"=>"[FILTERED]", "confirmPassword"=>"[FILTERED]", "phone"=>"+573150450505", "role"=>"admin"}}
[31mUnpermitted parameter: :auth. Context: { controller: Api::V1::AuthController, action: register, request: #<ActionDispatch::Request:0x00007fcf56bac8b8>, params: {"name"=>"test", "email"=>"[FILTERED]", "password"=>"[FILTERED]", "confirmPassword"=>"[FILTERED]", "phone"=>"+573150450505", "role"=>"admin", "controller"=>"api/v1/auth", "action"=>"register", "auth"=>{"name"=>"test", "email"=>"[FILTERED]", "password"=>"[FILTERED]", "confirmPassword"=>"[FILTERED]", "phone"=>"+573150450505", "role"=>"admin"}} }[0m
  [1m[36mUser Exists? (0.6ms)[0m  [1m[34mSELECT 1 AS one FROM "users" WHERE "users"."email" = 'test@mail.com' LIMIT 1 /*action='register',application='TestApi',controller='auth'*/[0m
  ↳ app/concepts/auth/operation/register.rb:21:in `check_email_uniqueness'
  [1m[36mCACHE User Exists? (0.0ms)[0m  [1m[34mSELECT 1 AS one FROM "users" WHERE "users"."email" = 'test@mail.com' LIMIT 1[0m
  ↳ app/concepts/auth/operation/register.rb:33:in `create_user'
  [1m[36mTRANSACTION (0.6ms)[0m  [1m[35mBEGIN immediate TRANSACTION /*action='register',application='TestApi',controller='auth'*/[0m
  ↳ app/concepts/auth/operation/register.rb:33:in `create_user'
  [1m[36mUser Create (3.3ms)[0m  [1m[32mINSERT INTO "users" ("id", "name", "email", "password_digest", "phone", "role", "avatar", "reset_password_token", "reset_password_sent_at", "created_at", "updated_at") VALUES ('7ce66db5-3dfb-4329-b43e-38e1e0569876', 'test', 'test@mail.com', '$2a$12$thfPR175v2ixDPfOEwFcW.j5K8TuNFzwZp68zsXMmm83nNazrGPUi', '+573150450505', 'admin', NULL, NULL, NULL, '2025-07-31 14:04:51.420608', '2025-07-31 14:04:51.420608') RETURNING "id" /*action='register',application='TestApi',controller='auth'*/[0m
  ↳ app/concepts/auth/operation/register.rb:33:in `create_user'
  [1m[36mTRANSACTION (1.0ms)[0m  [1m[35mCOMMIT TRANSACTION /*action='register',application='TestApi',controller='auth'*/[0m
  ↳ app/concepts/auth/operation/register.rb:33:in `create_user'
Completed 201 Created in 183ms (Views: 0.1ms | ActiveRecord: 5.5ms (3 queries, 1 cached) | GC: 0.0ms)


